This file contains any messages produced by compilers while
running configure, to aid debugging if configure makes a mistake.

It was created by configure, which was
generated by GNU Autoconf 2.69.  Invocation command line was

  $ ./configure 

## --------- ##
## Platform. ##
## --------- ##

hostname = med2-peru
uname -m = x86_64
uname -r = 5.10.0-23-amd64
uname -s = Linux
uname -v = #1 SMP Debian 5.10.179-3 (2023-07-27)

/usr/bin/uname -p = unknown
/bin/uname -X     = unknown

/bin/arch              = x86_64
/usr/bin/arch -k       = unknown
/usr/convex/getsysinfo = unknown
/usr/bin/hostinfo      = unknown
/bin/machine           = unknown
/usr/bin/oslevel       = unknown
/bin/universe          = unknown

PATH: /usr/local/sbin
PATH: /usr/local/bin
PATH: /usr/sbin
PATH: /usr/bin
PATH: /sbin
PATH: /bin


## ----------- ##
## Core tests. ##
## ----------- ##

configure:2286: checking for gcc
configure:2302: found /usr/bin/gcc
configure:2313: result: gcc
configure:2542: checking for C compiler version
configure:2551: gcc --version >&5
gcc (Debian 10.2.1-6) 10.2.1 20210110
Copyright (C) 2020 Free Software Foundation, Inc.
This is free software; see the source for copying conditions.  There is NO
warranty; not even for MERCHANTABILITY or FITNESS FOR A PARTICULAR PURPOSE.

configure:2562: $? = 0
configure:2551: gcc -v >&5
Using built-in specs.
COLLECT_GCC=gcc
COLLECT_LTO_WRAPPER=/usr/lib/gcc/x86_64-linux-gnu/10/lto-wrapper
OFFLOAD_TARGET_NAMES=nvptx-none:amdgcn-amdhsa:hsa
OFFLOAD_TARGET_DEFAULT=1
Target: x86_64-linux-gnu
Configured with: ../src/configure -v --with-pkgversion='Debian 10.2.1-6' --with-bugurl=file:///usr/share/doc/gcc-10/README.Bugs --enable-languages=c,ada,c++,go,brig,d,fortran,objc,obj-c++,m2 --prefix=/usr --with-gcc-major-version-only --program-suffix=-10 --program-prefix=x86_64-linux-gnu- --enable-shared --enable-linker-build-id --libexecdir=/usr/lib --without-included-gettext --enable-threads=posix --libdir=/usr/lib --enable-nls --enable-bootstrap --enable-clocale=gnu --enable-libstdcxx-debug --enable-libstdcxx-time=yes --with-default-libstdcxx-abi=new --enable-gnu-unique-object --disable-vtable-verify --enable-plugin --enable-default-pie --with-system-zlib --enable-libphobos-checking=release --with-target-system-zlib=auto --enable-objc-gc=auto --enable-multiarch --disable-werror --with-arch-32=i686 --with-abi=m64 --with-multilib-list=m32,m64,mx32 --enable-multilib --with-tune=generic --enable-offload-targets=nvptx-none=/build/gcc-10-Km9U7s/gcc-10-10.2.1/debian/tmp-nvptx/usr,amdgcn-amdhsa=/build/gcc-10-Km9U7s/gcc-10-10.2.1/debian/tmp-gcn/usr,hsa --without-cuda-driver --enable-checking=release --build=x86_64-linux-gnu --host=x86_64-linux-gnu --target=x86_64-linux-gnu --with-build-config=bootstrap-lto-lean --enable-link-mutex
Thread model: posix
Supported LTO compression algorithms: zlib zstd
gcc version 10.2.1 20210110 (Debian 10.2.1-6) 
... rest of stderr output deleted ...
configure:2562: $? = 0
configure:2551: gcc -V >&5
gcc: error: unrecognized command-line option '-V'
gcc: fatal error: no input files
compilation terminated.
configure:2562: $? = 1
configure:2551: gcc -qversion >&5
gcc: error: unrecognized command-line option '-qversion'; did you mean '--version'?
gcc: fatal error: no input files
compilation terminated.
configure:2562: $? = 1
configure:2582: checking whether the C compiler works
configure:2604: gcc    conftest.c  >&5
configure:2608: $? = 0
configure:2656: result: yes
configure:2659: checking for C compiler default output file name
configure:2661: result: a.out
configure:2667: checking for suffix of executables
configure:2674: gcc -o conftest    conftest.c  >&5
configure:2678: $? = 0
configure:2700: result: 
configure:2722: checking whether we are cross compiling
configure:2730: gcc -o conftest    conftest.c  >&5
configure:2734: $? = 0
configure:2741: ./conftest
configure:2745: $? = 0
configure:2760: result: no
configure:2765: checking for suffix of object files
configure:2787: gcc -c   conftest.c >&5
configure:2791: $? = 0
configure:2812: result: o
configure:2816: checking whether we are using the GNU C compiler
configure:2835: gcc -c   conftest.c >&5
configure:2835: $? = 0
configure:2844: result: yes
configure:2853: checking whether gcc accepts -g
configure:2873: gcc -c -g  conftest.c >&5
configure:2873: $? = 0
configure:2914: result: yes
configure:2931: checking for gcc option to accept ISO C89
configure:2994: gcc  -c -g -O2  conftest.c >&5
configure:2994: $? = 0
configure:3007: result: none needed
configure:3033: checking how to run the C preprocessor
configure:3064: gcc -E  conftest.c
configure:3064: $? = 0
configure:3078: gcc -E  conftest.c
conftest.c:9:10: fatal error: ac_nonexistent.h: No such file or directory
    9 | #include <ac_nonexistent.h>
      |          ^~~~~~~~~~~~~~~~~~
compilation terminated.
configure:3078: $? = 1
configure: failed program was:
| /* confdefs.h */
| #define PACKAGE_NAME ""
| #define PACKAGE_TARNAME ""
| #define PACKAGE_VERSION ""
| #define PACKAGE_STRING ""
| #define PACKAGE_BUGREPORT ""
| #define PACKAGE_URL ""
| /* end confdefs.h.  */
| #include <ac_nonexistent.h>
configure:3103: result: gcc -E
configure:3123: gcc -E  conftest.c
configure:3123: $? = 0
configure:3137: gcc -E  conftest.c
conftest.c:9:10: fatal error: ac_nonexistent.h: No such file or directory
    9 | #include <ac_nonexistent.h>
      |          ^~~~~~~~~~~~~~~~~~
compilation terminated.
configure:3137: $? = 1
configure: failed program was:
| /* confdefs.h */
| #define PACKAGE_NAME ""
| #define PACKAGE_TARNAME ""
| #define PACKAGE_VERSION ""
| #define PACKAGE_STRING ""
| #define PACKAGE_BUGREPORT ""
| #define PACKAGE_URL ""
| /* end confdefs.h.  */
| #include <ac_nonexistent.h>
configure:3166: checking for grep that handles long lines and -e
configure:3224: result: /usr/bin/grep
configure:3229: checking for egrep
configure:3291: result: /usr/bin/grep -E
configure:3296: checking for ANSI C header files
configure:3316: gcc -c -g -O2  conftest.c >&5
configure:3316: $? = 0
configure:3389: gcc -o conftest -g -O2   conftest.c  >&5
configure:3389: $? = 0
configure:3389: ./conftest
configure:3389: $? = 0
configure:3400: result: yes
configure:3413: checking for sys/types.h
configure:3413: gcc -c -g -O2  conftest.c >&5
configure:3413: $? = 0
configure:3413: result: yes
configure:3413: checking for sys/stat.h
configure:3413: gcc -c -g -O2  conftest.c >&5
configure:3413: $? = 0
configure:3413: result: yes
configure:3413: checking for stdlib.h
configure:3413: gcc -c -g -O2  conftest.c >&5
configure:3413: $? = 0
configure:3413: result: yes
configure:3413: checking for string.h
configure:3413: gcc -c -g -O2  conftest.c >&5
configure:3413: $? = 0
configure:3413: result: yes
configure:3413: checking for memory.h
configure:3413: gcc -c -g -O2  conftest.c >&5
configure:3413: $? = 0
configure:3413: result: yes
configure:3413: checking for strings.h
configure:3413: gcc -c -g -O2  conftest.c >&5
configure:3413: $? = 0
configure:3413: result: yes
configure:3413: checking for inttypes.h
configure:3413: gcc -c -g -O2  conftest.c >&5
configure:3413: $? = 0
configure:3413: result: yes
configure:3413: checking for stdint.h
configure:3413: gcc -c -g -O2  conftest.c >&5
configure:3413: $? = 0
configure:3413: result: yes
configure:3413: checking for unistd.h
configure:3413: gcc -c -g -O2  conftest.c >&5
configure:3413: $? = 0
configure:3413: result: yes
configure:3426: checking minix/config.h usability
configure:3426: gcc -c -g -O2  conftest.c >&5
conftest.c:52:10: fatal error: minix/config.h: No such file or directory
   52 | #include <minix/config.h>
      |          ^~~~~~~~~~~~~~~~
compilation terminated.
configure:3426: $? = 1
configure: failed program was:
| /* confdefs.h */
| #define PACKAGE_NAME ""
| #define PACKAGE_TARNAME ""
| #define PACKAGE_VERSION ""
| #define PACKAGE_STRING ""
| #define PACKAGE_BUGREPORT ""
| #define PACKAGE_URL ""
| #define STDC_HEADERS 1
| #define HAVE_SYS_TYPES_H 1
| #define HAVE_SYS_STAT_H 1
| #define HAVE_STDLIB_H 1
| #define HAVE_STRING_H 1
| #define HAVE_MEMORY_H 1
| #define HAVE_STRINGS_H 1
| #define HAVE_INTTYPES_H 1
| #define HAVE_STDINT_H 1
| #define HAVE_UNISTD_H 1
| /* end confdefs.h.  */
| #include <stdio.h>
| #ifdef HAVE_SYS_TYPES_H
| # include <sys/types.h>
| #endif
| #ifdef HAVE_SYS_STAT_H
| # include <sys/stat.h>
| #endif
| #ifdef STDC_HEADERS
| # include <stdlib.h>
| # include <stddef.h>
| #else
| # ifdef HAVE_STDLIB_H
| #  include <stdlib.h>
| # endif
| #endif
| #ifdef HAVE_STRING_H
| # if !defined STDC_HEADERS && defined HAVE_MEMORY_H
| #  include <memory.h>
| # endif
| # include <string.h>
| #endif
| #ifdef HAVE_STRINGS_H
| # include <strings.h>
| #endif
| #ifdef HAVE_INTTYPES_H
| # include <inttypes.h>
| #endif
| #ifdef HAVE_STDINT_H
| # include <stdint.h>
| #endif
| #ifdef HAVE_UNISTD_H
| # include <unistd.h>
| #endif
| #include <minix/config.h>
configure:3426: result: no
configure:3426: checking minix/config.h presence
configure:3426: gcc -E  conftest.c
conftest.c:19:10: fatal error: minix/config.h: No such file or directory
   19 | #include <minix/config.h>
      |          ^~~~~~~~~~~~~~~~
compilation terminated.
configure:3426: $? = 1
configure: failed program was:
| /* confdefs.h */
| #define PACKAGE_NAME ""
| #define PACKAGE_TARNAME ""
| #define PACKAGE_VERSION ""
| #define PACKAGE_STRING ""
| #define PACKAGE_BUGREPORT ""
| #define PACKAGE_URL ""
| #define STDC_HEADERS 1
| #define HAVE_SYS_TYPES_H 1
| #define HAVE_SYS_STAT_H 1
| #define HAVE_STDLIB_H 1
| #define HAVE_STRING_H 1
| #define HAVE_MEMORY_H 1
| #define HAVE_STRINGS_H 1
| #define HAVE_INTTYPES_H 1
| #define HAVE_STDINT_H 1
| #define HAVE_UNISTD_H 1
| /* end confdefs.h.  */
| #include <minix/config.h>
configure:3426: result: no
configure:3426: checking for minix/config.h
configure:3426: result: no
configure:3447: checking whether it is safe to define __EXTENSIONS__
configure:3465: gcc -c -g -O2  conftest.c >&5
configure:3465: $? = 0
configure:3472: result: yes
configure:3524: checking build system type
configure:3538: result: x86_64-unknown-linux-gnu
configure:3558: checking host system type
configure:3571: result: x86_64-unknown-linux-gnu
configure:3591: checking target system type
configure:3604: result: x86_64-unknown-linux-gnu
configure:3646: checking for a BSD-compatible install
configure:3714: result: /usr/bin/install -c
configure:3725: checking whether build environment is sane
configure:3775: result: yes
configure:3916: checking for a thread-safe mkdir -p
configure:3955: result: /usr/bin/mkdir -p
configure:3968: checking for gawk
configure:3998: result: no
configure:3968: checking for mawk
configure:3984: found /usr/bin/mawk
configure:3995: result: mawk
configure:4006: checking whether make sets $(MAKE)
configure:4028: result: yes
configure:4058: checking for style of include used by make
configure:4086: result: GNU
configure:4172: checking dependency style of gcc
configure:4283: result: gcc3
configure:4310: checking whether make supports nested variables
configure:4327: result: yes
configure:4389: checking for gcc
configure:4416: result: gcc
configure:4645: checking for C compiler version
configure:4654: gcc --version >&5
gcc (Debian 10.2.1-6) 10.2.1 20210110
Copyright (C) 2020 Free Software Foundation, Inc.
This is free software; see the source for copying conditions.  There is NO
warranty; not even for MERCHANTABILITY or FITNESS FOR A PARTICULAR PURPOSE.

configure:4665: $? = 0
configure:4654: gcc -v >&5
Using built-in specs.
COLLECT_GCC=gcc
COLLECT_LTO_WRAPPER=/usr/lib/gcc/x86_64-linux-gnu/10/lto-wrapper
OFFLOAD_TARGET_NAMES=nvptx-none:amdgcn-amdhsa:hsa
OFFLOAD_TARGET_DEFAULT=1
Target: x86_64-linux-gnu
Configured with: ../src/configure -v --with-pkgversion='Debian 10.2.1-6' --with-bugurl=file:///usr/share/doc/gcc-10/README.Bugs --enable-languages=c,ada,c++,go,brig,d,fortran,objc,obj-c++,m2 --prefix=/usr --with-gcc-major-version-only --program-suffix=-10 --program-prefix=x86_64-linux-gnu- --enable-shared --enable-linker-build-id --libexecdir=/usr/lib --without-included-gettext --enable-threads=posix --libdir=/usr/lib --enable-nls --enable-bootstrap --enable-clocale=gnu --enable-libstdcxx-debug --enable-libstdcxx-time=yes --with-default-libstdcxx-abi=new --enable-gnu-unique-object --disable-vtable-verify --enable-plugin --enable-default-pie --with-system-zlib --enable-libphobos-checking=release --with-target-system-zlib=auto --enable-objc-gc=auto --enable-multiarch --disable-werror --with-arch-32=i686 --with-abi=m64 --with-multilib-list=m32,m64,mx32 --enable-multilib --with-tune=generic --enable-offload-targets=nvptx-none=/build/gcc-10-Km9U7s/gcc-10-10.2.1/debian/tmp-nvptx/usr,amdgcn-amdhsa=/build/gcc-10-Km9U7s/gcc-10-10.2.1/debian/tmp-gcn/usr,hsa --without-cuda-driver --enable-checking=release --build=x86_64-linux-gnu --host=x86_64-linux-gnu --target=x86_64-linux-gnu --with-build-config=bootstrap-lto-lean --enable-link-mutex
Thread model: posix
Supported LTO compression algorithms: zlib zstd
gcc version 10.2.1 20210110 (Debian 10.2.1-6) 
... rest of stderr output deleted ...
configure:4665: $? = 0
configure:4654: gcc -V >&5
gcc: error: unrecognized command-line option '-V'
gcc: fatal error: no input files
compilation terminated.
configure:4665: $? = 1
configure:4654: gcc -qversion >&5
gcc: error: unrecognized command-line option '-qversion'; did you mean '--version'?
gcc: fatal error: no input files
compilation terminated.
configure:4665: $? = 1
configure:4669: checking whether we are using the GNU C compiler
configure:4697: result: yes
configure:4706: checking whether gcc accepts -g
configure:4767: result: yes
configure:4784: checking for gcc option to accept ISO C89
configure:4860: result: none needed
configure:4885: checking how to run the C preprocessor
configure:4955: result: gcc -E
configure:4975: gcc -E  conftest.c
configure:4975: $? = 0
configure:4989: gcc -E  conftest.c
conftest.c:26:10: fatal error: ac_nonexistent.h: No such file or directory
   26 | #include <ac_nonexistent.h>
      |          ^~~~~~~~~~~~~~~~~~
compilation terminated.
configure:4989: $? = 1
configure: failed program was:
| /* confdefs.h */
| #define PACKAGE_NAME ""
| #define PACKAGE_TARNAME ""
| #define PACKAGE_VERSION ""
| #define PACKAGE_STRING ""
| #define PACKAGE_BUGREPORT ""
| #define PACKAGE_URL ""
| #define STDC_HEADERS 1
| #define HAVE_SYS_TYPES_H 1
| #define HAVE_SYS_STAT_H 1
| #define HAVE_STDLIB_H 1
| #define HAVE_STRING_H 1
| #define HAVE_MEMORY_H 1
| #define HAVE_STRINGS_H 1
| #define HAVE_INTTYPES_H 1
| #define HAVE_STDINT_H 1
| #define HAVE_UNISTD_H 1
| #define __EXTENSIONS__ 1
| #define _ALL_SOURCE 1
| #define _GNU_SOURCE 1
| #define _POSIX_PTHREAD_SEMANTICS 1
| #define _TANDEM_SOURCE 1
| #define PACKAGE "mednafen_server"
| #define VERSION "0.5.2"
| /* end confdefs.h.  */
| #include <ac_nonexistent.h>
configure:5018: checking whether gcc and cc understand -c and -o together
configure:5049: gcc -c conftest.c -o conftest2.o >&5
configure:5053: $? = 0
configure:5059: gcc -c conftest.c -o conftest2.o >&5
configure:5063: $? = 0
configure:5074: cc -c conftest.c >&5
configure:5078: $? = 0
configure:5086: cc -c conftest.c -o conftest2.o >&5
configure:5090: $? = 0
configure:5096: cc -c conftest.c -o conftest2.o >&5
configure:5100: $? = 0
configure:5118: result: yes
configure:5201: checking for g++
configure:5217: found /usr/bin/g++
configure:5228: result: g++
configure:5255: checking for C++ compiler version
configure:5264: g++ --version >&5
g++ (Debian 10.2.1-6) 10.2.1 20210110
Copyright (C) 2020 Free Software Foundation, Inc.
This is free software; see the source for copying conditions.  There is NO
warranty; not even for MERCHANTABILITY or FITNESS FOR A PARTICULAR PURPOSE.

configure:5275: $? = 0
configure:5264: g++ -v >&5
Using built-in specs.
COLLECT_GCC=g++
COLLECT_LTO_WRAPPER=/usr/lib/gcc/x86_64-linux-gnu/10/lto-wrapper
OFFLOAD_TARGET_NAMES=nvptx-none:amdgcn-amdhsa:hsa
OFFLOAD_TARGET_DEFAULT=1
Target: x86_64-linux-gnu
Configured with: ../src/configure -v --with-pkgversion='Debian 10.2.1-6' --with-bugurl=file:///usr/share/doc/gcc-10/README.Bugs --enable-languages=c,ada,c++,go,brig,d,fortran,objc,obj-c++,m2 --prefix=/usr --with-gcc-major-version-only --program-suffix=-10 --program-prefix=x86_64-linux-gnu- --enable-shared --enable-linker-build-id --libexecdir=/usr/lib --without-included-gettext --enable-threads=posix --libdir=/usr/lib --enable-nls --enable-bootstrap --enable-clocale=gnu --enable-libstdcxx-debug --enable-libstdcxx-time=yes --with-default-libstdcxx-abi=new --enable-gnu-unique-object --disable-vtable-verify --enable-plugin --enable-default-pie --with-system-zlib --enable-libphobos-checking=release --with-target-system-zlib=auto --enable-objc-gc=auto --enable-multiarch --disable-werror --with-arch-32=i686 --with-abi=m64 --with-multilib-list=m32,m64,mx32 --enable-multilib --with-tune=generic --enable-offload-targets=nvptx-none=/build/gcc-10-Km9U7s/gcc-10-10.2.1/debian/tmp-nvptx/usr,amdgcn-amdhsa=/build/gcc-10-Km9U7s/gcc-10-10.2.1/debian/tmp-gcn/usr,hsa --without-cuda-driver --enable-checking=release --build=x86_64-linux-gnu --host=x86_64-linux-gnu --target=x86_64-linux-gnu --with-build-config=bootstrap-lto-lean --enable-link-mutex
Thread model: posix
Supported LTO compression algorithms: zlib zstd
gcc version 10.2.1 20210110 (Debian 10.2.1-6) 
... rest of stderr output deleted ...
configure:5275: $? = 0
configure:5264: g++ -V >&5
g++: error: unrecognized command-line option '-V'
g++: fatal error: no input files
compilation terminated.
configure:5275: $? = 1
configure:5264: g++ -qversion >&5
g++: error: unrecognized command-line option '-qversion'; did you mean '--version'?
g++: fatal error: no input files
compilation terminated.
configure:5275: $? = 1
configure:5279: checking whether we are using the GNU C++ compiler
configure:5298: g++ -c   conftest.cpp >&5
configure:5298: $? = 0
configure:5307: result: yes
configure:5316: checking whether g++ accepts -g
configure:5336: g++ -c -g  conftest.cpp >&5
configure:5336: $? = 0
configure:5377: result: yes
configure:5402: checking dependency style of g++
configure:5513: result: gcc3
configure:5533: checking how to run the C++ preprocessor
configure:5560: g++ -E  conftest.cpp
configure:5560: $? = 0
configure:5574: g++ -E  conftest.cpp
conftest.cpp:26:10: fatal error: ac_nonexistent.h: No such file or directory
   26 | #include <ac_nonexistent.h>
      |          ^~~~~~~~~~~~~~~~~~
compilation terminated.
configure:5574: $? = 1
configure: failed program was:
| /* confdefs.h */
| #define PACKAGE_NAME ""
| #define PACKAGE_TARNAME ""
| #define PACKAGE_VERSION ""
| #define PACKAGE_STRING ""
| #define PACKAGE_BUGREPORT ""
| #define PACKAGE_URL ""
| #define STDC_HEADERS 1
| #define HAVE_SYS_TYPES_H 1
| #define HAVE_SYS_STAT_H 1
| #define HAVE_STDLIB_H 1
| #define HAVE_STRING_H 1
| #define HAVE_MEMORY_H 1
| #define HAVE_STRINGS_H 1
| #define HAVE_INTTYPES_H 1
| #define HAVE_STDINT_H 1
| #define HAVE_UNISTD_H 1
| #define __EXTENSIONS__ 1
| #define _ALL_SOURCE 1
| #define _GNU_SOURCE 1
| #define _POSIX_PTHREAD_SEMANTICS 1
| #define _TANDEM_SOURCE 1
| #define PACKAGE "mednafen_server"
| #define VERSION "0.5.2"
| /* end confdefs.h.  */
| #include <ac_nonexistent.h>
configure:5599: result: g++ -E
configure:5619: g++ -E  conftest.cpp
configure:5619: $? = 0
configure:5633: g++ -E  conftest.cpp
conftest.cpp:26:10: fatal error: ac_nonexistent.h: No such file or directory
   26 | #include <ac_nonexistent.h>
      |          ^~~~~~~~~~~~~~~~~~
compilation terminated.
configure:5633: $? = 1
configure: failed program was:
| /* confdefs.h */
| #define PACKAGE_NAME ""
| #define PACKAGE_TARNAME ""
| #define PACKAGE_VERSION ""
| #define PACKAGE_STRING ""
| #define PACKAGE_BUGREPORT ""
| #define PACKAGE_URL ""
| #define STDC_HEADERS 1
| #define HAVE_SYS_TYPES_H 1
| #define HAVE_SYS_STAT_H 1
| #define HAVE_STDLIB_H 1
| #define HAVE_STRING_H 1
| #define HAVE_MEMORY_H 1
| #define HAVE_STRINGS_H 1
| #define HAVE_INTTYPES_H 1
| #define HAVE_STDINT_H 1
| #define HAVE_UNISTD_H 1
| #define __EXTENSIONS__ 1
| #define _ALL_SOURCE 1
| #define _GNU_SOURCE 1
| #define _POSIX_PTHREAD_SEMANTICS 1
| #define _TANDEM_SOURCE 1
| #define PACKAGE "mednafen_server"
| #define VERSION "0.5.2"
| /* end confdefs.h.  */
| #include <ac_nonexistent.h>
configure:5673: checking for gettimeofday
configure:5673: g++ -o conftest -g -O2   conftest.cpp  >&5
configure:5673: $? = 0
configure:5673: result: yes
configure:5673: checking for nanosleep
configure:5673: g++ -o conftest -g -O2   conftest.cpp  >&5
configure:5673: $? = 0
configure:5673: result: yes
configure:5673: checking for usleep
configure:5673: g++ -o conftest -g -O2   conftest.cpp  >&5
configure:5673: $? = 0
configure:5673: result: yes
configure:5673: checking for mlockall
configure:5673: g++ -o conftest -g -O2   conftest.cpp  >&5
configure:5673: $? = 0
configure:5673: result: yes
configure:5673: checking for strerror_r
configure:5673: g++ -o conftest -g -O2   conftest.cpp  >&5
configure:5673: $? = 0
configure:5673: result: yes
configure:5689: checking for library containing clock_gettime
configure:5720: g++ -o conftest -g -O2   conftest.cpp  >&5
configure:5720: $? = 0
configure:5737: result: none required
configure:5747: checking for clock_gettime
configure:5747: g++ -o conftest -g -O2   conftest.cpp  >&5
configure:5747: $? = 0
configure:5747: result: yes
configure:5758: checking WARNING_FLAGS for gcc -Wall
configure:5785: gcc -c -g -O2 -pedantic -Werror  -Wall  conftest.c >&5
configure:5785: $? = 0
configure:5799: result: -Wall
configure:5812: : WARNING_FLAGS="$WARNING_FLAGS $var"
configure:5815: $? = 0
configure:5822: checking WARNING_FLAGS for gcc -Wextra
configure:5849: gcc -c -g -O2 -pedantic -Werror  -Wextra  conftest.c >&5
configure:5849: $? = 0
configure:5863: result: -Wextra
configure:5876: : WARNING_FLAGS="$WARNING_FLAGS $var"
configure:5879: $? = 0
configure:5886: checking WARNING_FLAGS for gcc -Winline
configure:5913: gcc -c -g -O2 -pedantic -Werror  -Winline  conftest.c >&5
configure:5913: $? = 0
configure:5927: result: -Winline
configure:5940: : WARNING_FLAGS="$WARNING_FLAGS $var"
configure:5943: $? = 0
configure:5950: checking WARNING_FLAGS for gcc -Wshadow
configure:5977: gcc -c -g -O2 -pedantic -Werror  -Wshadow  conftest.c >&5
configure:5977: $? = 0
configure:5991: result: -Wshadow
configure:6004: : WARNING_FLAGS="$WARNING_FLAGS $var"
configure:6007: $? = 0
configure:6014: checking WARNING_FLAGS for gcc -Wvla
configure:6041: gcc -c -g -O2 -pedantic -Werror  -Wvla  conftest.c >&5
configure:6041: $? = 0
configure:6055: result: -Wvla
configure:6068: : WARNING_FLAGS="$WARNING_FLAGS $var"
configure:6071: $? = 0
configure:6080: checking MDFN_COMPAT_FLAGS for gcc -fsigned-char
configure:6107: gcc -c -g -O2 -pedantic -Werror  -fsigned-char  conftest.c >&5
configure:6107: $? = 0
configure:6121: result: -fsigned-char
configure:6134: : MDFN_COMPAT_FLAGS="$MDFN_COMPAT_FLAGS $var"
configure:6137: $? = 0
configure:6276: creating ./config.status

## ---------------------- ##
## Running config.status. ##
## ---------------------- ##

This file was extended by config.status, which was
generated by GNU Autoconf 2.69.  Invocation command line was

  CONFIG_FILES    = 
  CONFIG_HEADERS  = 
  CONFIG_LINKS    = 
  CONFIG_COMMANDS = 
  $ ./config.status 

on med2-peru

config.status:883: creating Makefile
config.status:883: creating src/Makefile
config.status:883: creating include/config.h
config.status:1112: executing depfiles commands

## ---------------- ##
## Cache variables. ##
## ---------------- ##

ac_cv_build=x86_64-unknown-linux-gnu
ac_cv_c_compiler_gnu=yes
ac_cv_cxx_compiler_gnu=yes
ac_cv_env_CCC_set=
ac_cv_env_CCC_value=
ac_cv_env_CC_set=
ac_cv_env_CC_value=
ac_cv_env_CFLAGS_set=
ac_cv_env_CFLAGS_value=
ac_cv_env_CPPFLAGS_set=
ac_cv_env_CPPFLAGS_value=
ac_cv_env_CPP_set=
ac_cv_env_CPP_value=
ac_cv_env_CXXCPP_set=
ac_cv_env_CXXCPP_value=
ac_cv_env_CXXFLAGS_set=
ac_cv_env_CXXFLAGS_value=
ac_cv_env_CXX_set=
ac_cv_env_CXX_value=
ac_cv_env_LDFLAGS_set=
ac_cv_env_LDFLAGS_value=
ac_cv_env_LIBS_set=
ac_cv_env_LIBS_value=
ac_cv_env_build_alias_set=
ac_cv_env_build_alias_value=
ac_cv_env_host_alias_set=
ac_cv_env_host_alias_value=
ac_cv_env_target_alias_set=
ac_cv_env_target_alias_value=
ac_cv_func_clock_gettime=yes
ac_cv_func_gettimeofday=yes
ac_cv_func_mlockall=yes
ac_cv_func_nanosleep=yes
ac_cv_func_strerror_r=yes
ac_cv_func_usleep=yes
ac_cv_header_inttypes_h=yes
ac_cv_header_memory_h=yes
ac_cv_header_minix_config_h=no
ac_cv_header_stdc=yes
ac_cv_header_stdint_h=yes
ac_cv_header_stdlib_h=yes
ac_cv_header_string_h=yes
ac_cv_header_strings_h=yes
ac_cv_header_sys_stat_h=yes
ac_cv_header_sys_types_h=yes
ac_cv_header_unistd_h=yes
ac_cv_host=x86_64-unknown-linux-gnu
ac_cv_objext=o
ac_cv_path_EGREP='/usr/bin/grep -E'
ac_cv_path_GREP=/usr/bin/grep
ac_cv_path_install='/usr/bin/install -c'
ac_cv_path_mkdir=/usr/bin/mkdir
ac_cv_prog_AWK=mawk
ac_cv_prog_CPP='gcc -E'
ac_cv_prog_CXXCPP='g++ -E'
ac_cv_prog_ac_ct_CC=gcc
ac_cv_prog_ac_ct_CXX=g++
ac_cv_prog_cc_c89=
ac_cv_prog_cc_g=yes
ac_cv_prog_cc_gcc_c_o=yes
ac_cv_prog_cxx_g=yes
ac_cv_prog_make_make_set=yes
ac_cv_safe_to_define___extensions__=yes
ac_cv_search_clock_gettime='none required'
ac_cv_target=x86_64-unknown-linux-gnu
am_cv_CC_dependencies_compiler_type=gcc3
am_cv_CXX_dependencies_compiler_type=gcc3
am_cv_make_support_nested_variables=yes
ax_cv_cflags_gcc_option__Wall=-Wall
ax_cv_cflags_gcc_option__Wextra=-Wextra
ax_cv_cflags_gcc_option__Winline=-Winline
ax_cv_cflags_gcc_option__Wshadow=-Wshadow
ax_cv_cflags_gcc_option__Wvla=-Wvla
ax_cv_cflags_gcc_option__fsigned_char=-fsigned-char

## ----------------- ##
## Output variables. ##
## ----------------- ##

ACLOCAL='${SHELL} /root/mednafen-server/missing --run aclocal-1.11'
AMDEPBACKSLASH='\'
AMDEP_FALSE='#'
AMDEP_TRUE=''
AMTAR='$${TAR-tar}'
AM_BACKSLASH='\'
AM_DEFAULT_V='$(AM_DEFAULT_VERBOSITY)'
AM_DEFAULT_VERBOSITY='1'
AM_V='$(V)'
AUTOCONF='${SHELL} /root/mednafen-server/missing --run autoconf'
AUTOHEADER='${SHELL} /root/mednafen-server/missing --run autoheader'
AUTOMAKE='${SHELL} /root/mednafen-server/missing --run automake-1.11'
AWK='mawk'
CC='gcc'
CCDEPMODE='depmode=gcc3'
CFLAGS=' -fsigned-char  -Wall -Wextra -Winline -Wshadow -Wvla -g -O2'
CPP='gcc -E'
CPPFLAGS=' -fsigned-char  -Wall -Wextra -Winline -Wshadow -Wvla '
CXX='g++'
CXXCPP='g++ -E'
CXXDEPMODE='depmode=gcc3'
CXXFLAGS='-g -O2'
CYGPATH_W='echo'
DEFS='-DHAVE_CONFIG_H'
DEPDIR='.deps'
ECHO_C=''
ECHO_N='-n'
ECHO_T=''
EGREP='/usr/bin/grep -E'
EXEEXT=''
GREP='/usr/bin/grep'
INSTALL_DATA='${INSTALL} -m 644'
INSTALL_PROGRAM='${INSTALL}'
INSTALL_SCRIPT='${INSTALL}'
INSTALL_STRIP_PROGRAM='$(install_sh) -c -s'
LDFLAGS=''
LIBOBJS=''
LIBS=''
LTLIBOBJS=''
MAKEINFO='${SHELL} /root/mednafen-server/missing --run makeinfo'
MKDIR_P='/usr/bin/mkdir -p'
OBJEXT='o'
PACKAGE='mednafen_server'
PACKAGE_BUGREPORT=''
PACKAGE_NAME=''
PACKAGE_STRING=''
PACKAGE_TARNAME=''
PACKAGE_URL=''
PACKAGE_VERSION=''
PATH_SEPARATOR=':'
SET_MAKE=''
SHELL='/bin/bash'
STRIP=''
VERSION='0.5.2'
ac_ct_CC='gcc'
ac_ct_CXX='g++'
am__EXEEXT_FALSE=''
am__EXEEXT_TRUE='#'
am__fastdepCC_FALSE='#'
am__fastdepCC_TRUE=''
am__fastdepCXX_FALSE='#'
am__fastdepCXX_TRUE=''
am__include='include'
am__isrc=''
am__leading_dot='.'
am__nodep='_no'
am__quote=''
am__tar='$${TAR-tar} chof - "$$tardir"'
am__untar='$${TAR-tar} xf -'
bindir='${exec_prefix}/bin'
build='x86_64-unknown-linux-gnu'
build_alias=''
build_cpu='x86_64'
build_os='linux-gnu'
build_vendor='unknown'
datadir='${datarootdir}'
datarootdir='${prefix}/share'
docdir='${datarootdir}/doc/${PACKAGE}'
dvidir='${docdir}'
exec_prefix='${prefix}'
host='x86_64-unknown-linux-gnu'
host_alias=''
host_cpu='x86_64'
host_os='linux-gnu'
host_vendor='unknown'
htmldir='${docdir}'
includedir='${prefix}/include'
infodir='${datarootdir}/info'
install_sh='${SHELL} /root/mednafen-server/install-sh'
libdir='${exec_prefix}/lib'
libexecdir='${exec_prefix}/libexec'
localedir='${datarootdir}/locale'
localstatedir='${prefix}/var'
mandir='${datarootdir}/man'
mkdir_p='/usr/bin/mkdir -p'
oldincludedir='/usr/include'
pdfdir='${docdir}'
prefix='/usr/local'
program_transform_name='s,x,x,'
psdir='${docdir}'
sbindir='${exec_prefix}/sbin'
sharedstatedir='${prefix}/com'
sysconfdir='${prefix}/etc'
target='x86_64-unknown-linux-gnu'
target_alias=''
target_cpu='x86_64'
target_os='linux-gnu'
target_vendor='unknown'

## ----------- ##
## confdefs.h. ##
## ----------- ##

/* confdefs.h */
#define PACKAGE_NAME ""
#define PACKAGE_TARNAME ""
#define PACKAGE_VERSION ""
#define PACKAGE_STRING ""
#define PACKAGE_BUGREPORT ""
#define PACKAGE_URL ""
#define STDC_HEADERS 1
#define HAVE_SYS_TYPES_H 1
#define HAVE_SYS_STAT_H 1
#define HAVE_STDLIB_H 1
#define HAVE_STRING_H 1
#define HAVE_MEMORY_H 1
#define HAVE_STRINGS_H 1
#define HAVE_INTTYPES_H 1
#define HAVE_STDINT_H 1
#define HAVE_UNISTD_H 1
#define __EXTENSIONS__ 1
#define _ALL_SOURCE 1
#define _GNU_SOURCE 1
#define _POSIX_PTHREAD_SEMANTICS 1
#define _TANDEM_SOURCE 1
#define PACKAGE "mednafen_server"
#define VERSION "0.5.2"
#define HAVE_GETTIMEOFDAY 1
#define HAVE_NANOSLEEP 1
#define HAVE_USLEEP 1
#define HAVE_MLOCKALL 1
#define HAVE_STRERROR_R 1
#define HAVE_CLOCK_GETTIME 1

configure: exit 0
